<?xml version="1.0" encoding="UTF-8"?>
<testsuites>
  <testsuite name="Welcome_test" file="/home/vagrant/swift/application/tests/controllers/Welcome_test.php" tests="1" assertions="1" failures="0" errors="0" time="0.006074">
    <testcase name="test_index" class="Welcome_test" file="/home/vagrant/swift/application/tests/controllers/Welcome_test.php" line="13" assertions="1" time="0.006074"/>
  </testsuite>
</testsuites>
